Arguments: 
  /usr/local/bin/node /opt/yarn-v1.22.19/bin/yarn.js install

PATH: 
  /usr/lib/git-core/:/root/.vscode-server/bin/903b1e9d8990623e3d7da1df3d33db3e42d80eda/bin/remote-cli:/usr/lib/git-core/:/usr/local/share/nvm/current/bin:/usr/local/share/npm-global/bin:/usr/local/sbin:/usr/local/bin:/usr/sbin:/usr/bin:/sbin:/bin:/root/.local/bin

Yarn version: 
  1.22.19

Node version: 
  20.9.0

Platform: 
  linux x64

Trace: 
  SyntaxError: /workspaces/workspace/package.json: Expected double-quoted property name in JSON at position 2290
      at JSON.parse (<anonymous>)
      at /opt/yarn-v1.22.19/lib/cli.js:1629:59
      at Generator.next (<anonymous>)
      at step (/opt/yarn-v1.22.19/lib/cli.js:310:30)
      at /opt/yarn-v1.22.19/lib/cli.js:321:13

npm manifest: 
  {
    "name": "nodejs-sandbox",
    "version": "1.0.0",
    "description": "",
    "source": "src/app.js",
    "main": "build/app.js",
    "nodemonConfig": {
      "exec": "npm run watch:dev",
      "watch": [
        "src/*",
        "*.env"
      ],
      "ignore": [
        "build",
        "**/__test__/**",
        "*.test.js",
        "*.spec.js"
      ]
    },
    "prisma": {
      "schema": "./src/prisma/schema.prisma",
      "migration": "./src/prisma/migrations"
    },
    "scripts": {
      "start": "npm run start:prod",
      "watch:dev": "npm-run-all build:dev serve:dev",
      "start:dev": "nodemon",
      "start:prod": "npm-run-all build serve:prod",
      "serve:prod": "node ./build/bundle.js",
      "serve:dev": "node ./build/app.js",
      "build": "npm run build:prod",
      "build:dev": "npm-run-all clean transpile:dev",
      "build:prod": "npm-run-all clean transpile:prod",
      "transpile:dev": "webpack --env mode=development",
      "transpile:prod": "webpack --env mode=production",
      "clean": "rimraf build"
    },
    "repository": {
      "type": "git",
      "url": "git+https://github.com/codesandbox-app/static-template.git"
    },
    "keywords": [],
    "author": "Ives van Hoorne",
    "license": "MIT",
    "bugs": {
      "url": "https://github.com/codesandbox-app/static-template/issues"
    },
    "homepage": "https://github.com/codesandbox-app/static-template#readme",
    "devDependencies": {
      "@babel/cli": "^7.23.4",
      "@babel/core": "^7.23.2",
      "@babel/node": "^7.22.19",
      "@babel/preset-env": "^7.23.2",
      "@babel/preset-flow": "^7.23.3",
      "@types/express": "^4.17.21",
      "babel-loader": "^9.1.3",
      "eslint": "^8.52.0",
      "eslint-config-airbnb-base": "^15.0.0",
      "eslint-config-prettier": "^9.0.0",
      "eslint-plugin-import": "^2.29.0",
      "jsconfig-paths-webpack-plugin": "^0.1.3",
      "nodemon": "^3.0.1",
      "npm-run-all": "^4.1.5",
      "prettier": "^3.0.3",
      "prisma": "^5.10.2",
      "rimraf": "^5.0.5",
      "transpile-webpack-plugin": "^1.1.3",
      "webpack": "^5.89.0",
      "webpack-cli": "^5.1.4",
      "webpack-node-externals": "^3.0.0"
    },
    "dependencies": {
      "@prisma/client": "5.10.2",
      "bcrypt": "^5.1.1",
      "body-parser": "^1.20.2",
      "cookie-parser": "^1.4.6",
      "cors": "^2.8.5",
      "dotenv": "^16.4.5",
      "express": "^4.18.2",
      "jsonwebtoken": "^9.0.2",
    }
  }

yarn manifest: 
  No manifest

Lockfile: 
  No lockfile
